<?xml version="1.0" encoding="utf-8" standalone="yes"?>
<coverage line-rate="0.90293203020879609" branch-rate="0.76708507670850767" complexity="1145" version="1.9" timestamp="1761283246" lines-covered="4065" lines-valid="4502" branches-covered="550" branches-valid="717">
  <packages>
    <package line-rate="0.983739837398374" branch-rate="0.86184210526315785" complexity="374" name="DesktopTaskAid.Tests">
      <classes>
        <class line-rate="0.86363636363636365" branch-rate="0.5" complexity="3" name="DesktopTaskAid.Tests.AppTests" filename="C:\Users\talha\Downloads\test-app-main\test-app-main\DesktopTaskAid.Tests\AppTests.cs">
          <methods>
            <method line-rate="0.75" branch-rate="0.5" complexity="2" name="OnStartup_SetsEnglishCulture_And_SubscribeHandlers" signature="()">
              <lines>
                <line number="19" hits="1" branch="False" />
                <line number="20" hits="1" branch="True" condition-coverage="50% (1/2)">
                  <conditions>
                    <condition number="0" type="jump" coverage="50%" />
                  </conditions>
                </line>
                <line number="21" hits="0" branch="False" />
                <line number="22" hits="0" branch="False" />
                <line number="23" hits="0" branch="False" />
                <line number="26" hits="1" branch="False" />
                <line number="27" hits="1" branch="False" />
                <line number="28" hits="1" branch="False" />
                <line number="30" hits="1" branch="False" />
                <line number="32" hits="1" branch="False" />
                <line number="33" hits="1" branch="False" />
                <line number="34" hits="1" branch="False" />
              </lines>
            </method>
            <method line-rate="1" branch-rate="1" complexity="1" name="CurrentDomain_UnhandledException_LogsWithoutShowing_WhenNotTerminating" signature="()">
              <lines>
                <line number="38" hits="1" branch="False" />
                <line number="40" hits="1" branch="False" />
                <line number="41" hits="1" branch="False" />
                <line number="42" hits="1" branch="False" />
                <line number="44" hits="1" branch="False" />
                <line number="45" hits="1" branch="False" />
                <line number="48" hits="1" branch="False" />
                <line number="50" hits="1" branch="False" />
                <line number="51" hits="1" branch="False" />
                <line number="52" hits="1" branch="False" />
              </lines>
            </method>
          </methods>
          <lines>
            <line number="19" hits="1" branch="False" />
            <line number="20" hits="1" branch="True" condition-coverage="50% (1/2)">
              <conditions>
                <condition number="0" type="jump" coverage="50%" />
              </conditions>
            </line>
            <line number="21" hits="0" branch="False" />
            <line number="22" hits="0" branch="False" />
            <line number="23" hits="0" branch="False" />
            <line number="26" hits="1" branch="False" />
            <line number="27" hits="1" branch="False" />
            <line number="28" hits="1" branch="False" />
            <line number="30" hits="1" branch="False" />
            <line number="32" hits="1" branch="False" />
            <line number="33" hits="1" branch="False" />
            <line number="34" hits="1" branch="False" />
            <line number="38" hits="1" branch="False" />
            <line number="40" hits="1" branch="False" />
            <line number="41" hits="1" branch="False" />
            <line number="42" hits="1" branch="False" />
            <line number="44" hits="1" branch="False" />
            <line number="45" hits="1" branch="False" />
            <line number="48" hits="1" branch="False" />
            <line number="50" hits="1" branch="False" />
            <line number="51" hits="1" branch="False" />
            <line number="52" hits="1" branch="False" />
          </lines>
        </class>
        <class line-rate="1" branch-rate="0.83333333333333337" complexity="14" name="DesktopTaskAid.Tests.CalendarImportServiceTests" filename="C:\Users\talha\Downloads\test-app-main\test-app-main\DesktopTaskAid.Tests\CalendarImportServiceTests.cs">
          <methods>
            <method line-rate="1" branch-rate="1" complexity="1" name="SetUp" signature="()">
              <lines>
                <line number="33" hits="1" branch="False" />
                <line number="34" hits="1" branch="False" />
                <line number="35" hits="1" branch="False" />
                <line number="37" hits="1" branch="False" />
                <line number="38" hits="1" branch="False" />
                <line number="40" hits="1" branch="False" />
                <line number="41" hits="1" branch="False" />
                <line number="42" hits="1" branch="False" />
                <line number="43" hits="1" branch="False" />
              </lines>
            </method>
            <method line-rate="1" branch-rate="0.75" complexity="4" name="TearDown" signature="()">
              <lines>
                <line number="47" hits="1" branch="False" />
                <line number="48" hits="1" branch="True" condition-coverage="50% (1/2)">
                  <conditions>
                    <condition number="0" type="jump" coverage="50%" />
                  </conditions>
                </line>
                <line number="50" hits="1" branch="True" condition-coverage="100% (2/2)">
                  <conditions>
                    <condition number="0" type="jump" coverage="100%" />
                  </conditions>
                </line>
                <line number="51" hits="1" branch="False" />
                <line number="52" hits="1" branch="False" />
                <line number="53" hits="1" branch="False" />
                <line number="54" hits="1" branch="False" />
              </lines>
            </method>
            <method line-rate="1" branch-rate="1" complexity="1" name="TC_CAL_013_AutoImport_FindsAlternateCredentialFile" signature="()">
              <lines>
                <line number="330" hits="1" branch="False" />
                <line number="331" hits="1" branch="False" />
                <line number="332" hits="1" branch="False" />
                <line number="333" hits="1" branch="False" />
                <line number="335" hits="1" branch="False" />
                <line number="336" hits="1" branch="False" />
                <line number="338" hits="1" branch="False" />
                <line number="339" hits="1" branch="False" />
                <line number="340" hits="1" branch="False" />
                <line number="341" hits="1" branch="False" />
                <line number="342" hits="1" branch="False" />
                <line number="343" hits="1" branch="False" />
                <line number="344" hits="1" branch="False" />
                <line number="345" hits="1" branch="False" />
                <line number="346" hits="1" branch="False" />
              </lines>
            </method>
            <method line-rate="1" branch-rate="1" complexity="1" name="TC_CAL_026_AutoSearch_FindsInParentDirectory" signature="()">
              <lines>
                <line number="700" hits="1" branch="False" />
                <line number="702" hits="1" branch="False" />
                <line number="703" hits="1" branch="False" />
                <line number="705" hits="1" branch="False" />
                <line number="706" hits="1" branch="False" />
                <line number="707" hits="1" branch="False" />
                <line number="709" hits="1" branch="False" />
                <line number="710" hits="1" branch="False" />
                <line number="711" hits="1" branch="False" />
                <line number="712" hits="1" branch="False" />
                <line number="713" hits="1" branch="False" />
                <line number="714" hits="1" branch="False" />
                <line number="715" hits="1" branch="False" />
              </lines>
            </method>
            <method line-rate="1" branch-rate="1" complexity="1" name="TC_CAL_027_StartWithInvalidCredentials_FilePresent_StateInvalid" signature="()">
              <lines>
                <line number="719" hits="1" branch="False" />
                <line number="721" hits="1" branch="False" />
                <line number="722" hits="1" branch="False" />
                <line number="724" hits="1" branch="False" />
                <line number="725" hits="1" branch="False" />
                <line number="726" hits="1" branch="False" />
                <line number="727" hits="1" branch="False" />
                <line number="728" hits="1" branch="False" />
                <line number="729" hits="1" branch="False" />
                <line number="730" hits="1" branch="False" />
              </lines>
            </method>
            <method line-rate="1" branch-rate="1" complexity="1" name="TC_CAL_028_AutoImport_InvalidAlternate_DoesNotSaveMain" signature="()">
              <lines>
                <line number="734" hits="1" branch="False" />
                <line number="736" hits="1" branch="False" />
                <line number="737" hits="1" branch="False" />
                <line number="739" hits="1" branch="False" />
                <line number="740" hits="1" branch="False" />
                <line number="741" hits="1" branch="False" />
                <line number="742" hits="1" branch="False" />
                <line number="744" hits="1" branch="False" />
                <line number="745" hits="1" branch="False" />
                <line number="746" hits="1" branch="False" />
              </lines>
            </method>
            <method line-rate="1" branch-rate="1" complexity="1" name="TC_CAL_037_ValidateCredentialFile_ExistingValidFile_YieldsValidState" signature="()">
              <lines>
                <line number="919" hits="1" branch="False" />
                <line number="920" hits="1" branch="False" />
                <line number="921" hits="1" branch="False" />
                <line number="922" hits="1" branch="False" />
                <line number="924" hits="1" branch="False" />
                <line number="925" hits="1" branch="False" />
                <line number="926" hits="1" branch="False" />
                <line number="927" hits="1" branch="False" />
                <line number="928" hits="1" branch="False" />
                <line number="929" hits="1" branch="False" />
              </lines>
            </method>
            <method line-rate="1" branch-rate="1" complexity="1" name="TC_CAL_043_ValidateCredentialFile_ReadError_ResultsInvalid" signature="()">
              <lines>
                <line number="1042" hits="1" branch="False" />
                <line number="1044" hits="1" branch="False" />
                <line number="1045" hits="1" branch="False" />
                <line number="1047" hits="1" branch="False" />
                <line number="1048" hits="1" branch="False" />
                <line number="1049" hits="1" branch="False" />
                <line number="1050" hits="1" branch="False" />
                <line number="1051" hits="1" branch="False" />
                <line number="1052" hits="1" branch="False" />
                <line number="1053" hits="1" branch="False" />
                <line number="1054" hits="1" branch="False" />
                <line number="1055" hits="1" branch="False" />
                <line number="1056" hits="1" branch="False" />
              </lines>
            </method>
            <method line-rate="1" branch-rate="1" complexity="1" name="TC_CAL_048_AutoImport_ReadError_FromAlternateFile_SetsInvalid" signature="()">
              <lines>
                <line number="1114" hits="1" branch="False" />
                <line number="1115" hits="1" branch="False" />
                <line number="1116" hits="1" branch="False" />
                <line number="1117" hits="1" branch="False" />
                <line number="1119" hits="1" branch="False" />
                <line number="1120" hits="1" branch="False" />
                <line number="1121" hits="1" branch="False" />
                <line number="1122" hits="1" branch="False" />
                <line number="1123" hits="1" branch="False" />
                <line number="1124" hits="1" branch="False" />
                <line number="1125" hits="1" branch="False" />
                <line number="1126" hits="1" branch="False" />
                <line number="1127" hits="1" branch="False" />
                <line number="1128" hits="1" branch="False" />
              </lines>
            </method>
            <method line-rate="1" branch-rate="1" complexity="2" name="DocumentTestCase" signature="(string, string, string[])">
              <lines>
                <line number="1131" hits="1" branch="False" />
                <line number="1132" hits="1" branch="False" />
                <line number="1133" hits="1" branch="False" />
                <line number="1135" hits="1" branch="True" condition-coverage="100% (2/2)">
                  <conditions>
                    <condition number="0" type="jump" coverage="100%" />
                  </conditions>
                </line>
                <line number="1136" hits="1" branch="False" />
                <line number="1137" hits="1" branch="False" />
                <line number="1138" hits="1" branch="False" />
                <line number="1140" hits="1" branch="False" />
                <line number="1141" hits="1" branch="False" />
              </lines>
            </method>
          </methods>
          <lines>
            <line number="33" hits="1" branch="False" />
            <line number="34" hits="1" branch="False" />
            <line number="35" hits="1" branch="False" />
            <line number="37" hits="1" branch="False" />
            <line number="38" hits="1" branch="False" />
            <line number="40" hits="1" branch="False" />
            <line number="41" hits="1" branch="False" />
            <line number="42" hits="1" branch="False" />
            <line number="43" hits="1" branch="False" />
            <line number="47" hits="1" branch="False" />
            <line number="48" hits="1" branch="True" condition-coverage="50% (1/2)">
              <conditions>
                <condition number="0" type="jump" coverage="50%" />
              </conditions>
            </line>
            <line number="50" hits="1" branch="True" condition-coverage="100% (2/2)">
              <conditions>
                <condition number="0" type="jump" coverage="100%" />
              </conditions>
            </line>
            <line number="51" hits="1" branch="False" />
            <line number="52" hits="1" branch="False" />
            <line number="53" hits="1" branch="False" />
            <line number="54" hits="1" branch="False" />
            <line number="330" hits="1" branch="False" />
            <line number="331" hits="1" branch="False" />
            <line number="332" hits="1" branch="False" />
            <line number="333" hits="1" branch="False" />
            <line number="335" hits="1" branch="False" />
            <line number="336" hits="1" branch="False" />
            <line number="338" hits="1" branch="False" />
            <line number="339" hits="1" branch="False" />
            <line number="340" hits="1" branch="False" />
            <line number="341" hits="1" branch="False" />
            <line number="342" hits="1" branch="False" />
            <line number="343" hits="1" branch="False" />
            <line number="344" hits="1" branch="False" />
            <line number="345" hits="1" branch="False" />
            <line number="346" hits="1" branch="False" />
            <line number="700" hits="1" branch="False" />
            <line number="702" hits="1" branch="False" />
            <line number="703" hits="1" branch="False" />
            <line number="705" hits="1" branch="False" />
            <line number="706" hits="1" branch="False" />
            <line number="707" hits="1" branch="False" />
            <line number="709" hits="1" branch="False" />
            <line number="710" hits="1" branch="False" />
            <line number="711" hits="1" branch="False" />
            <line number="712" hits="1" branch="False" />
            <line number="713" hits="1" branch="False" />
            <line number="714" hits="1" branch="False" />
            <line number="715" hits="1" branch="False" />
            <line number="719" hits="1" branch="False" />
            <line number="721" hits="1" branch="False" />
            <line number="722" hits="1" branch="False" />
            <line number="724" hits="1" branch="False" />
            <line number="725" hits="1" branch="False" />
            <line number="726" hits="1" branch="False" />
            <line number="727" hits="1" branch="False" />
            <line number="728" hits="1" branch="False" />
            <line number="729" hits="1" branch="False" />
            <line number="730" hits="1" branch="False" />
            <line number="734" hits="1" branch="False" />
            <line number="736" hits="1" branch="False" />
            <line number="737" hits="1" branch="False" />
            <line number="739" hits="1" branch="False" />
            <line number="740" hits="1" branch="False" />
            <line number="741" hits="1" branch="False" />
            <line number="742" hits="1" branch="False" />
            <line number="744" hits="1" branch="False" />
            <line number="745" hits="1" branch="False" />
            <line number="746" hits="1" branch="False" />
            <line number="919" hits="1" branch="False" />
            <line number="920" hits="1" branch="False" />
            <line number="921" hits="1" branch="False" />
            <line number="922" hits="1" branch="False" />
            <line number="924" hits="1" branch="False" />
            <line number="925" hits="1" branch="False" />
            <line number="926" hits="1" branch="False" />
            <line number="927" hits="1" branch="False" />
            <line number="928" hits="1" branch="False" />
            <line number="929" hits="1" branch="False" />
            <line number="1042" hits="1" branch="False" />
            <line number="1044" hits="1" branch="False" />
            <line number="1045" hits="1" branch="False" />
            <line number="1047" hits="1" branch="False" />
            <line number="1048" hits="1" branch="False" />
            <line number="1049" hits="1" branch="False" />
            <line number="1050" hits="1" branch="False" />
            <line number="1051" hits="1" branch="False" />
            <line number="1052" hits="1" branch="False" />
            <line number="1053" hits="1" branch="False" />
            <line number="1054" hits="1" branch="False" />
            <line number="1055" hits="1" branch="False" />
            <line number="1056" hits="1" branch="False" />
            <line number="1114" hits="1" branch="False" />
            <line number="1115" hits="1" branch="False" />
            <line number="1116" hits="1" branch="False" />
            <line number="1117" hits="1" branch="False" />
            <line number="1119" hits="1" branch="False" />
            <line number="1120" hits="1" branch="False" />
            <line number="1121" hits="1" branch="False" />
            <line number="1122" hits="1" branch="False" />
            <line number="1123" hits="1" branch="False" />
            <line number="1124" hits="1" branch="False" />
            <line number="1125" hits="1" branch="False" />
            <line number="1126" hits="1" branch="False" />
            <line number="1127" hits="1" branch="False" />
            <line number="1128" hits="1" branch="False" />
            <line number="1131" hits="1" branch="False" />
            <line number="1132" hits="1" branch="False" />
            <line number="1133" hits="1" branch="False" />
            <line number="1135" hits="1" branch="True" condition-coverage="100% (2/2)">
              <conditions>
                <condition number="0" type="jump" coverage="100%" />
              </conditions>
            </line>
            <line number="1136" hits="1" branch="False" />
            <line number="1137" hits="1" branch="False" />
            <line number="1138" hits="1" branch="False" />
            <line number="1140" hits="1" branch="False" />
            <line number="1141" hits="1" branch="False" />
          </lines>
        </class>
        <class line-rate="1" branch-rate="0.5" complexity="7" name="DesktopTaskAid.Tests.GoogleCalendarClientTests" filename="C:\Users\talha\Downloads\test-app-main\test-app-main\DesktopTaskAid.Tests\CalendarImportServiceTests.cs">
          <methods>
            <method line-rate="1" branch-rate="1" complexity="1" name="Setup" signature="()">
              <lines>
                <line number="1184" hits="1" branch="False" />
                <line number="1185" hits="1" branch="False" />
                <line number="1186" hits="1" branch="False" />
                <line number="1187" hits="1" branch="False" />
              </lines>
            </method>
            <method line-rate="1" branch-rate="1" complexity="1" name="CreateClient" signature="()">
              <lines>
                <line number="1190" hits="1" branch="False" />
                <line number="1191" hits="1" branch="False" />
                <line number="1192" hits="1" branch="False" />
                <line number="1193" hits="1" branch="False" />
              </lines>
            </method>
            <method line-rate="1" branch-rate="0.5" complexity="2" name="FetchEventsAsync_NullStream_Throws" signature="()">
              <lines>
                <line number="1197" hits="1" branch="False" />
                <line number="1198" hits="1" branch="False" />
                <line number="1199" hits="1" branch="False" />
                <line number="1202" hits="1" branch="False" />
                <line number="1203" hits="1" branch="False" />
                <line number="1205" hits="1" branch="False" />
                <line number="1207" hits="1" branch="False" />
                <line number="1208" hits="1" branch="True" condition-coverage="50% (1/2)">
                  <conditions>
                    <condition number="0" type="jump" coverage="50%" />
                  </conditions>
                </line>
                <line number="1209" hits="1" branch="False" />
                <line number="1210" hits="1" branch="False" />
              </lines>
            </method>
            <method line-rate="1" branch-rate="1" complexity="1" name="FetchEventsAsync_InvalidJson_Throws" signature="()">
              <lines>
                <line number="1214" hits="1" branch="False" />
                <line number="1215" hits="1" branch="False" />
                <line number="1216" hits="1" branch="False" />
                <line number="1217" hits="1" branch="False" />
                <line number="1219" hits="1" branch="False" />
                <line number="1220" hits="1" branch="False" />
                <line number="1221" hits="1" branch="False" />
                <line number="1223" hits="1" branch="False" />
                <line number="1225" hits="1" branch="False" />
                <line number="1226" hits="1" branch="False" />
              </lines>
            </method>
            <method line-rate="1" branch-rate="1" complexity="1" name="FetchEventsAsync_DisposedStream_Throws" signature="()">
              <lines>
                <line number="1230" hits="1" branch="False" />
                <line number="1231" hits="1" branch="False" />
                <line number="1232" hits="1" branch="False" />
                <line number="1233" hits="1" branch="False" />
                <line number="1235" hits="1" branch="False" />
                <line number="1236" hits="1" branch="False" />
                <line number="1238" hits="1" branch="False" />
                <line number="1241" hits="1" branch="False" />
                <line number="1242" hits="1" branch="False" />
              </lines>
            </method>
            <method line-rate="1" branch-rate="1" complexity="1" name="FetchEventsAsync_ValidJson_CanceledToken_ThrowsOperationCanceled" signature="()">
              <lines>
                <line number="1246" hits="1" branch="False" />
                <line number="1247" hits="1" branch="False" />
                <line number="1248" hits="1" branch="False" />
                <line number="1249" hits="1" branch="False" />
                <line number="1251" hits="1" branch="False" />
                <line number="1252" hits="1" branch="False" />
                <line number="1253" hits="1" branch="False" />
                <line number="1254" hits="1" branch="False" />
                <line number="1255" hits="1" branch="False" />
                <line number="1257" hits="1" branch="False" />
                <line number="1259" hits="1" branch="False" />
                <line number="1261" hits="1" branch="False" />
                <line number="1262" hits="1" branch="False" />
              </lines>
            </method>
          </methods>
          <lines>
            <line number="1184" hits="1" branch="False" />
            <line number="1185" hits="1" branch="False" />
            <line number="1186" hits="1" branch="False" />
            <line number="1187" hits="1" branch="False" />
            <line number="1190" hits="1" branch="False" />
            <line number="1191" hits="1" branch="False" />
            <line number="1192" hits="1" branch="False" />
            <line number="1193" hits="1" branch="False" />
            <line number="1197" hits="1" branch="False" />
            <line number="1198" hits="1" branch="False" />
            <line number="1199" hits="1" branch="False" />
            <line number="1202" hits="1" branch="False" />
            <line number="1203" hits="1" branch="False" />
            <line number="1205" hits="1" branch="False" />
            <line number="1207" hits="1" branch="False" />
            <line number="1208" hits="1" branch="True" condition-coverage="50% (1/2)">
              <conditions>
                <condition number="0" type="jump" coverage="50%" />
              </conditions>
            </line>
            <line number="1209" hits="1" branch="False" />
            <line number="1210" hits="1" branch="False" />
            <line number="1214" hits="1" branch="False" />
            <line number="1215" hits="1" branch="False" />
            <line number="1216" hits="1" branch="False" />
            <line number="1217" hits="1" branch="False" />
            <line number="1219" hits="1" branch="False" />
            <line number="1220" hits="1" branch="False" />
            <line number="1221" hits="1" branch="False" />
            <line number="1223" hits="1" branch="False" />
            <line number="1225" hits="1" branch="False" />
            <line number="1226" hits="1" branch="False" />
            <line number="1230" hits="1" branch="False" />
            <line number="1231" hits="1" branch="False" />
            <line number="1232" hits="1" branch="False" />
            <line number="1233" hits="1" branch="False" />
            <line number="1235" hits="1" branch="False" />
            <line number="1236" hits="1" branch="False" />
            <line number="1238" hits="1" branch="False" />
            <line number="1241" hits="1" branch="False" />
            <line number="1242" hits="1" branch="False" />
            <line number="1246" hits="1" branch="False" />
            <line number="1247" hits="1" branch="False" />
            <line number="1248" hits="1" branch="False" />
            <line number="1249" hits="1" branch="False" />
            <line number="1251" hits="1" branch="False" />
            <line number="1252" hits="1" branch="False" />
            <line number="1253" hits="1" branch="False" />
            <line number="1254" hits="1" branch="False" />
            <line number="1255" hits="1" branch="False" />
            <line number="1257" hits="1" branch="False" />
            <line number="1259" hits="1" branch="False" />
            <line number="1261" hits="1" branch="False" />
            <line number="1262" hits="1" branch="False" />
          </lines>
        </class>
        <class line-rate="0.96" branch-rate="0.5" complexity="11" name="DesktopTaskAid.Tests.ConverterTests" filename="C:\Users\talha\Downloads\test-app-main\test-app-main\DesktopTaskAid.Tests\ConverterTests.cs">
          <methods>
            <method line-rate="0.5714285714285714" branch-rate="0.5" complexity="2" name="Setup" signature="()">
              <lines>
                <line number="18" hits="1" branch="False" />
                <line number="19" hits="1" branch="True" condition-coverage="50% (1/2)">
                  <conditions>
                    <condition number="0" type="jump" coverage="50%" />
                  </conditions>
                </line>
                <line number="20" hits="0" branch="False" />
                <line number="21" hits="0" branch="False" />
                <line number="22" hits="0" branch="False" />
                <line number="24" hits="1" branch="False" />
                <line number="25" hits="1" branch="False" />
              </lines>
            </method>
            <method line-rate="1" branch-rate="1" complexity="1" name="TearDown" signature="()">
              <lines>
                <line number="29" hits="1" branch="False" />
                <line number="30" hits="1" branch="False" />
                <line number="31" hits="1" branch="False" />
              </lines>
            </method>
            <method line-rate="1" branch-rate="1" complexity="1" name="BoolToVisibilityConverter_BasicAndInverse" signature="()">
              <lines>
                <line number="35" hits="1" branch="False" />
                <line number="36" hits="1" branch="False" />
                <line number="38" hits="1" branch="False" />
                <line number="39" hits="1" branch="False" />
                <line number="40" hits="1" branch="False" />
                <line number="41" hits="1" branch="False" />
                <line number="42" hits="1" branch="False" />
                <line number="43" hits="1" branch="False" />
                <line number="44" hits="1" branch="False" />
                <line number="45" hits="1" branch="False" />
              </lines>
            </method>
            <method line-rate="1" branch-rate="1" complexity="1" name="CalendarDayTagConverter_ReturnsRequestedProperty" signature="()">
              <lines>
                <line number="49" hits="1" branch="False" />
                <line number="50" hits="1" branch="False" />
                <line number="51" hits="1" branch="False" />
                <line number="53" hits="1" branch="False" />
                <line number="54" hits="1" branch="False" />
                <line number="55" hits="1" branch="False" />
                <line number="56" hits="1" branch="False" />
                <line number="57" hits="1" branch="False" />
              </lines>
            </method>
            <method line-rate="1" branch-rate="1" complexity="1" name="DateFormatConverter_FormatsAndParses" signature="()">
              <lines>
                <line number="61" hits="1" branch="False" />
                <line number="62" hits="1" branch="False" />
                <line number="63" hits="1" branch="False" />
                <line number="65" hits="1" branch="False" />
                <line number="66" hits="1" branch="False" />
                <line number="67" hits="1" branch="False" />
                <line number="68" hits="1" branch="False" />
                <line number="69" hits="1" branch="False" />
                <line number="70" hits="1" branch="False" />
              </lines>
            </method>
            <method line-rate="1" branch-rate="1" complexity="1" name="ReminderStatusToBrushConverter_ReturnsExpectedColors" signature="()">
              <lines>
                <line number="95" hits="1" branch="False" />
                <line number="96" hits="1" branch="False" />
                <line number="98" hits="1" branch="False" />
                <line number="99" hits="1" branch="False" />
                <line number="100" hits="1" branch="False" />
                <line number="101" hits="1" branch="False" />
                <line number="103" hits="1" branch="False" />
                <line number="104" hits="1" branch="False" />
                <line number="105" hits="1" branch="False" />
                <line number="106" hits="1" branch="False" />
                <line number="107" hits="1" branch="False" />
              </lines>
            </method>
            <method line-rate="1" branch-rate="1" complexity="1" name="ReminderStatusToTextColorConverter_ReturnsExpectedColors" signature="()">
              <lines>
                <line number="111" hits="1" branch="False" />
                <line number="112" hits="1" branch="False" />
                <line number="114" hits="1" branch="False" />
                <line number="115" hits="1" branch="False" />
                <line number="116" hits="1" branch="False" />
                <line number="117" hits="1" branch="False" />
                <line number="119" hits="1" branch="False" />
                <line number="120" hits="1" branch="False" />
                <line number="121" hits="1" branch="False" />
                <line number="122" hits="1" branch="False" />
                <line number="123" hits="1" branch="False" />
              </lines>
            </method>
            <method line-rate="1" branch-rate="1" complexity="1" name="SecondsToDurationConverter_FormatsValues" signature="()">
              <lines>
                <line number="127" hits="1" branch="False" />
                <line number="128" hits="1" branch="False" />
                <line number="129" hits="1" branch="False" />
                <line number="130" hits="1" branch="False" />
                <line number="131" hits="1" branch="False" />
              </lines>
            </method>
            <method line-rate="1" branch-rate="1" complexity="1" name="SecondsToTimerDisplayConverter_FormatsValues" signature="()">
              <lines>
                <line number="135" hits="1" branch="False" />
                <line number="136" hits="1" branch="False" />
                <line number="137" hits="1" branch="False" />
                <line number="138" hits="1" branch="False" />
                <line number="139" hits="1" branch="False" />
              </lines>
            </method>
            <method line-rate="1" branch-rate="1" complexity="1" name="TimeFormatConverter_FormatsTimes" signature="()">
              <lines>
                <line number="143" hits="1" branch="False" />
                <line number="144" hits="1" branch="False" />
                <line number="145" hits="1" branch="False" />
                <line number="146" hits="1" branch="False" />
                <line number="147" hits="1" branch="False" />
                <line number="148" hits="1" branch="False" />
              </lines>
            </method>
          </methods>
          <lines>
            <line number="18" hits="1" branch="False" />
            <line number="19" hits="1" branch="True" condition-coverage="50% (1/2)">
              <conditions>
                <condition number="0" type="jump" coverage="50%" />
              </conditions>
            </line>
            <line number="20" hits="0" branch="False" />
            <line number="21" hits="0" branch="False" />
            <line number="22" hits="0" branch="False" />
            <line number="24" hits="1" branch="False" />
            <line number="25" hits="1" branch="False" />
            <line number="29" hits="1" branch="False" />
            <line number="30" hits="1" branch="False" />
            <line number="31" hits="1" branch="False" />
            <line number="35" hits="1" branch="False" />
            <line number="36" hits="1" branch="False" />
            <line number="38" hits="1" branch="False" />
            <line number="39" hits="1" branch="False" />
            <line number="40" hits="1" branch="False" />
            <line number="41" hits="1" branch="False" />
            <line number="42" hits="1" branch="False" />
            <line number="43" hits="1" branch="False" />
            <line number="44" hits="1" branch="False" />
            <line number="45" hits="1" branch="False" />
            <line number="49" hits="1" branch="False" />
            <line number="50" hits="1" branch="False" />
            <line number="51" hits="1" branch="False" />
            <line number="53" hits="1" branch="False" />
            <line number="54" hits="1" branch="False" />
            <line number="55" hits="1" branch="False" />
            <line number="56" hits="1" branch="False" />
            <line number="57" hits="1" branch="False" />
            <line number="61" hits="1" branch="False" />
            <line number="62" hits="1" branch="False" />
            <line number="63" hits="1" branch="False" />
            <line number="65" hits="1" branch="False" />
            <line number="66" hits="1" branch="False" />
            <line number="67" hits="1" branch="False" />
            <line number="68" hits="1" branch="False" />
            <line number="69" hits="1" branch="False" />
            <line number="70" hits="1" branch="False" />
            <line number="95" hits="1" branch="False" />
            <line number="96" hits="1" branch="False" />
            <line number="98" hits="1" branch="False" />
            <line number="99" hits="1" branch="False" />
            <line number="100" hits="1" branch="False" />
            <line number="101" hits="1" branch="False" />
            <line number="103" hits="1" branch="False" />
            <line number="104" hits="1" branch="False" />
            <line number="105" hits="1" branch="False" />
            <line number="106" hits="1" branch="False" />
            <line number="107" hits="1" branch="False" />
            <line number="111" hits="1" branch="False" />
            <line number="112" hits="1" branch="False" />
            <line number="114" hits="1" branch="False" />
            <line number="115" hits="1" branch="False" />
            <line number="116" hits="1" branch="False" />
            <line number="117" hits="1" branch="False" />
            <line number="119" hits="1" branch="False" />
            <line number="120" hits="1" branch="False" />
            <line number="121" hits="1" branch="False" />
            <line number="122" hits="1" branch="False" />
            <line number="123" hits="1" branch="False" />
            <line number="127" hits="1" branch="False" />
            <line number="128" hits="1" branch="False" />
            <line number="129" hits="1" branch="False" />
            <line number="130" hits="1" branch="False" />
            <line number="131" hits="1" branch="False" />
            <line number="135" hits="1" branch="False" />
            <line number="136" hits="1" branch="False" />
            <line number="137" hits="1" branch="False" />
            <line number="138" hits="1" branch="False" />
            <line number="139" hits="1" branch="False" />
            <line number="143" hits="1" branch="False" />
            <line number="144" hits="1" branch="False" />
            <line number="145" hits="1" branch="False" />
            <line number="146" hits="1" branch="False" />
            <line number="147" hits="1" branch="False" />
            <line number="148" hits="1" branch="False" />
          </lines>
        </class>
        <class line-rate="1" branch-rate="1" complexity="3" name="DesktopTaskAid.Tests.HelperTests" filename="C:\Users\talha\Downloads\test-app-main\test-app-main\DesktopTaskAid.Tests\HelperTests.cs">
          <methods>
            <method line-rate="1" branch-rate="1" complexity="2" name="RelayCommand_ExecutesAction" signature="()">
              <lines>
                <line number="15" hits="1" branch="False" />
                <line number="16" hits="1" branch="False" />
                <line number="17" hits="1" branch="True" condition-coverage="100% (2/2)">
                  <conditions>
                    <condition number="0" type="jump" coverage="100%" />
                  </conditions>
                </line>
                <line number="19" hits="1" branch="False" />
                <line number="20" hits="1" branch="False" />
                <line number="22" hits="1" branch="False" />
                <line number="23" hits="1" branch="False" />
                <line number="26" hits="1" branch="False" />
                <line number="27" hits="1" branch="False" />
              </lines>
            </method>
            <method line-rate="1" branch-rate="1" complexity="1" name="ViewModelBase_SetPropertyRaisesEvents" signature="()">
              <lines>
                <line number="31" hits="1" branch="False" />
                <line number="32" hits="1" branch="False" />
                <line number="33" hits="1" branch="False" />
                <line number="34" hits="1" branch="False" />
                <line number="36" hits="1" branch="False" />
                <line number="37" hits="1" branch="False" />
                <line number="39" hits="1" branch="False" />
                <line number="40" hits="1" branch="False" />
                <line number="41" hits="1" branch="False" />
                <line number="43" hits="1" branch="False" />
                <line number="44" hits="1" branch="False" />
                <line number="45" hits="1" branch="False" />
              </lines>
            </method>
          </methods>
          <lines>
            <line number="15" hits="1" branch="False" />
            <line number="16" hits="1" branch="False" />
            <line number="17" hits="1" branch="True" condition-coverage="100% (2/2)">
              <conditions>
                <condition number="0" type="jump" coverage="100%" />
              </conditions>
            </line>
            <line number="19" hits="1" branch="False" />
            <line number="20" hits="1" branch="False" />
            <line number="22" hits="1" branch="False" />
            <line number="23" hits="1" branch="False" />
            <line number="26" hits="1" branch="False" />
            <line number="27" hits="1" branch="False" />
            <line number="31" hits="1" branch="False" />
            <line number="32" hits="1" branch="False" />
            <line number="33" hits="1" branch="False" />
            <line number="34" hits="1" branch="False" />
            <line number="36" hits="1" branch="False" />
            <line number="37" hits="1" branch="False" />
            <line number="39" hits="1" branch="False" />
            <line number="40" hits="1" branch="False" />
            <line number="41" hits="1" branch="False" />
            <line number="43" hits="1" branch="False" />
            <line number="44" hits="1" branch="False" />
            <line number="45" hits="1" branch="False" />
          </lines>
        </class>
        <class line-rate="0.875" branch-rate="0.5" complexity="5" name="DesktopTaskAid.Tests.IconStrokeConverterMoreTests" filename="C:\Users\talha\Downloads\test-app-main\test-app-main\DesktopTaskAid.Tests\IconStrokeConverterMoreTests.cs">
          <methods>
            <method line-rate="0.66666666666666663" branch-rate="0.5" complexity="2" name="Setup" signature="()">
              <lines>
                <line number="16" hits="1" branch="False" />
                <line number="17" hits="1" branch="True" condition-coverage="50% (1/2)">
                  <conditions>
                    <condition number="0" type="jump" coverage="50%" />
                  </conditions>
                </line>
                <line number="18" hits="0" branch="False" />
                <line number="19" hits="0" branch="False" />
                <line number="20" hits="0" branch="False" />
                <line number="21" hits="1" branch="False" />
                <line number="22" hits="1" branch="False" />
                <line number="23" hits="1" branch="False" />
                <line number="24" hits="1" branch="False" />
              </lines>
            </method>
            <method line-rate="1" branch-rate="1" complexity="1" name="Convert_UsesThemeNameFallback_WhenProvided" signature="()">
              <lines>
                <line number="28" hits="1" branch="False" />
                <line number="29" hits="1" branch="False" />
                <line number="30" hits="1" branch="False" />
                <line number="32" hits="1" branch="False" />
                <line number="33" hits="1" branch="False" />
                <line number="34" hits="1" branch="False" />
              </lines>
            </method>
            <method line-rate="1" branch-rate="1" complexity="1" name="Convert_DefaultsToLightBrush_WhenNoFlagsOrDictionaries" signature="()">
              <lines>
                <line number="38" hits="1" branch="False" />
                <line number="39" hits="1" branch="False" />
                <line number="41" hits="1" branch="False" />
                <line number="42" hits="1" branch="False" />
                <line number="43" hits="1" branch="False" />
              </lines>
            </method>
            <method line-rate="1" branch-rate="1" complexity="1" name="ConvertBack_Throws_NotImplemented" signature="()">
              <lines>
                <line number="47" hits="1" branch="False" />
                <line number="48" hits="1" branch="False" />
                <line number="49" hits="1" branch="False" />
                <line number="50" hits="1" branch="False" />
              </lines>
            </method>
          </methods>
          <lines>
            <line number="16" hits="1" branch="False" />
            <line number="17" hits="1" branch="True" condition-coverage="50% (1/2)">
              <conditions>
                <condition number="0" type="jump" coverage="50%" />
              </conditions>
            </line>
            <line number="18" hits="0" branch="False" />
            <line number="19" hits="0" branch="False" />
            <line number="20" hits="0" branch="False" />
            <line number="21" hits="1" branch="False" />
            <line number="22" hits="1" branch="False" />
            <line number="23" hits="1" branch="False" />
            <line number="24" hits="1" branch="False" />
            <line number="28" hits="1" branch="False" />
            <line number="29" hits="1" branch="False" />
            <line number="30" hits="1" branch="False" />
            <line number="32" hits="1" branch="False" />
            <line number="33" hits="1" branch="False" />
            <line number="34" hits="1" branch="False" />
            <line number="38" hits="1" branch="False" />
            <line number="39" hits="1" branch="False" />
            <line number="41" hits="1" branch="False" />
            <line number="42" hits="1" branch="False" />
            <line number="43" hits="1" branch="False" />
            <line number="47" hits="1" branch="False" />
            <line number="48" hits="1" branch="False" />
            <line number="49" hits="1" branch="False" />
            <line number="50" hits="1" branch="False" />
          </lines>
        </class>
        <class line-rate="0.75" branch-rate="0.5" complexity="4" name="DesktopTaskAid.Tests.LoggingServiceMoreTests" filename="C:\Users\talha\Downloads\test-app-main\test-app-main\DesktopTaskAid.Tests\LoggingServiceMoreTests.cs">
          <methods>
            <method line-rate="0.75" branch-rate="0.5" complexity="4" name="Log_FallbackWrite_DoesNotThrow_WhenPrimaryFails" signature="()">
              <lines>
                <line number="13" hits="1" branch="False" />
                <line number="15" hits="1" branch="False" />
                <line number="16" hits="1" branch="False" />
                <line number="18" hits="1" branch="False" />
                <line number="19" hits="1" branch="False" />
                <line number="20" hits="1" branch="False" />
                <line number="22" hits="1" branch="True" condition-coverage="100% (2/2)">
                  <conditions>
                    <condition number="0" type="jump" coverage="100%" />
                  </conditions>
                </line>
                <line number="23" hits="1" branch="False" />
                <line number="24" hits="0" branch="False" />
                <line number="25" hits="0" branch="False" />
                <line number="27" hits="0" branch="True" condition-coverage="0% (0/2)">
                  <conditions>
                    <condition number="0" type="jump" coverage="0%" />
                  </conditions>
                </line>
                <line number="28" hits="0" branch="False" />
                <line number="30" hits="1" branch="False" />
                <line number="31" hits="1" branch="False" />
                <line number="32" hits="1" branch="False" />
                <line number="33" hits="1" branch="False" />
              </lines>
            </method>
          </methods>
          <lines>
            <line number="13" hits="1" branch="False" />
            <line number="15" hits="1" branch="False" />
            <line number="16" hits="1" branch="False" />
            <line number="18" hits="1" branch="False" />
            <line number="19" hits="1" branch="False" />
            <line number="20" hits="1" branch="False" />
            <line number="22" hits="1" branch="True" condition-coverage="100% (2/2)">
              <conditions>
                <condition number="0" type="jump" coverage="100%" />
              </conditions>
            </line>
            <line number="23" hits="1" branch="False" />
            <line number="24" hits="0" branch="False" />
            <line number="25" hits="0" branch="False" />
            <line number="27" hits="0" branch="True" condition-coverage="0% (0/2)">
              <conditions>
                <condition number="0" type="jump" coverage="0%" />
              </conditions>
            </line>
            <line number="28" hits="0" branch="False" />
            <line number="30" hits="1" branch="False" />
            <line number="31" hits="1" branch="False" />
            <line number="32" hits="1" branch="False" />
            <line number="33" hits="1" branch="False" />
          </lines>
        </class>
        <class line-rate="1" branch-rate="1" complexity="2" name="DesktopTaskAid.Tests.LoggingServiceTests" filename="C:\Users\talha\Downloads\test-app-main\test-app-main\DesktopTaskAid.Tests\LoggingServiceTests.cs">
          <methods>
            <method line-rate="1" branch-rate="1" complexity="1" name="Log_WritesMessageToLogFile" signature="()">
              <lines>
                <line number="13" hits="1" branch="False" />
                <line number="14" hits="1" branch="False" />
                <line number="15" hits="1" branch="False" />
                <line number="17" hits="1" branch="False" />
                <line number="19" hits="1" branch="False" />
                <line number="20" hits="1" branch="False" />
                <line number="21" hits="1" branch="False" />
                <line number="22" hits="1" branch="False" />
              </lines>
            </method>
            <method line-rate="1" branch-rate="1" complexity="1" name="LogError_IncludesExceptionDetails" signature="()">
              <lines>
                <line number="26" hits="1" branch="False" />
                <line number="27" hits="1" branch="False" />
                <line number="28" hits="1" branch="False" />
                <line number="29" hits="1" branch="False" />
                <line number="31" hits="1" branch="False" />
                <line number="33" hits="1" branch="False" />
                <line number="34" hits="1" branch="False" />
                <line number="35" hits="1" branch="False" />
                <line number="36" hits="1" branch="False" />
              </lines>
            </method>
          </methods>
          <lines>
            <line number="13" hits="1" branch="False" />
            <line number="14" hits="1" branch="False" />
            <line number="15" hits="1" branch="False" />
            <line number="17" hits="1" branch="False" />
            <line number="19" hits="1" branch="False" />
            <line number="20" hits="1" branch="False" />
            <line number="21" hits="1" branch="False" />
            <line number="22" hits="1" branch="False" />
            <line number="26" hits="1" branch="False" />
            <line number="27" hits="1" branch="False" />
            <line number="28" hits="1" branch="False" />
            <line number="29" hits="1" branch="False" />
            <line number="31" hits="1" branch="False" />
            <line number="33" hits="1" branch="False" />
            <line number="34" hits="1" branch="False" />
            <line number="35" hits="1" branch="False" />
            <line number="36" hits="1" branch="False" />
          </lines>
        </class>
        <class line-rate="0.85" branch-rate="0.75" complexity="4" name="DesktopTaskAid.Tests.MainViewModelEdgeTests" filename="C:\Users\talha\Downloads\test-app-main\test-app-main\DesktopTaskAid.Tests\MainViewModelEdgeTests.cs">
          <methods>
            <method line-rate="0.625" branch-rate="0.5" complexity="2" name="Setup" signature="()">
              <lines>
                <line number="18" hits="1" branch="False" />
                <line number="19" hits="1" branch="True" condition-coverage="50% (1/2)">
                  <conditions>
                    <condition number="0" type="jump" coverage="50%" />
                  </conditions>
                </line>
                <line number="20" hits="0" branch="False" />
                <line number="21" hits="0" branch="False" />
                <line number="22" hits="0" branch="False" />
                <line number="23" hits="1" branch="False" />
                <line number="24" hits="1" branch="False" />
                <line number="25" hits="1" branch="False" />
              </lines>
            </method>
            <method line-rate="1" branch-rate="1" complexity="2" name="SaveTask_ActiveWithoutDue_SetsGenericActiveLabel" signature="()">
              <lines>
                <line number="29" hits="1" branch="False" />
                <line number="30" hits="1" branch="False" />
                <line number="31" hits="1" branch="False" />
                <line number="33" hits="1" branch="False" />
                <line number="34" hits="1" branch="False" />
                <line number="35" hits="1" branch="False" />
                <line number="36" hits="1" branch="False" />
                <line number="37" hits="1" branch="False" />
                <line number="39" hits="1" branch="False" />
                <line number="41" hits="1" branch="True" condition-coverage="100% (2/2)">
                  <conditions>
                    <condition number="0" type="jump" coverage="100%" />
                  </conditions>
                </line>
                <line number="42" hits="1" branch="False" />
                <line number="43" hits="1" branch="False" />
              </lines>
            </method>
          </methods>
          <lines>
            <line number="18" hits="1" branch="False" />
            <line number="19" hits="1" branch="True" condition-coverage="50% (1/2)">
              <conditions>
                <condition number="0" type="jump" coverage="50%" />
              </conditions>
            </line>
            <line number="20" hits="0" branch="False" />
            <line number="21" hits="0" branch="False" />
            <line number="22" hits="0" branch="False" />
            <line number="23" hits="1" branch="False" />
            <line number="24" hits="1" branch="False" />
            <line number="25" hits="1" branch="False" />
            <line number="29" hits="1" branch="False" />
            <line number="30" hits="1" branch="False" />
            <line number="31" hits="1" branch="False" />
            <line number="33" hits="1" branch="False" />
            <line number="34" hits="1" branch="False" />
            <line number="35" hits="1" branch="False" />
            <line number="36" hits="1" branch="False" />
            <line number="37" hits="1" branch="False" />
            <line number="39" hits="1" branch="False" />
            <line number="41" hits="1" branch="True" condition-coverage="100% (2/2)">
              <conditions>
                <condition number="0" type="jump" coverage="100%" />
              </conditions>
            </line>
            <line number="42" hits="1" branch="False" />
            <line number="43" hits="1" branch="False" />
          </lines>
        </class>
        <class line-rate="0.93478260869565222" branch-rate="0.75" complexity="6" name="DesktopTaskAid.Tests.MainViewModelMoreTests" filename="C:\Users\talha\Downloads\test-app-main\test-app-main\DesktopTaskAid.Tests\MainViewModelMoreTests.cs">
          <methods>
            <method line-rate="0.625" branch-rate="0.5" complexity="2" name="Setup" signature="()">
              <lines>
                <line number="18" hits="1" branch="False" />
                <line number="19" hits="1" branch="True" condition-coverage="50% (1/2)">
                  <conditions>
                    <condition number="0" type="jump" coverage="50%" />
                  </conditions>
                </line>
                <line number="20" hits="0" branch="False" />
                <line number="21" hits="0" branch="False" />
                <line number="22" hits="0" branch="False" />
                <line number="23" hits="1" branch="False" />
                <line number="24" hits="1" branch="False" />
                <line number="25" hits="1" branch="False" />
              </lines>
            </method>
            <method line-rate="1" branch-rate="1" complexity="1" name="OpenAndCloseImportModal_And_NavigationCommands" signature="()">
              <lines>
                <line number="29" hits="1" branch="False" />
                <line number="30" hits="1" branch="False" />
                <line number="32" hits="1" branch="False" />
                <line number="33" hits="1" branch="False" />
                <line number="34" hits="1" branch="False" />
                <line number="35" hits="1" branch="False" />
                <line number="36" hits="1" branch="False" />
                <line number="38" hits="1" branch="False" />
                <line number="39" hits="1" branch="False" />
                <line number="40" hits="1" branch="False" />
                <line number="41" hits="1" branch="False" />
                <line number="42" hits="1" branch="False" />
                <line number="44" hits="1" branch="False" />
                <line number="45" hits="1" branch="False" />
                <line number="46" hits="1" branch="False" />
                <line number="47" hits="1" branch="False" />
              </lines>
            </method>
            <method line-rate="1" branch-rate="1" complexity="1" name="SaveTask_Validation_WhenNameMissing_DoesNotCloseModal" signature="()">
              <lines>
                <line number="51" hits="1" branch="False" />
                <line number="52" hits="1" branch="False" />
                <line number="54" hits="1" branch="False" />
                <line number="55" hits="1" branch="False" />
                <line number="56" hits="1" branch="False" />
                <line number="58" hits="1" branch="False" />
                <line number="59" hits="1" branch="False" />
              </lines>
            </method>
            <method line-rate="1" branch-rate="1" complexity="2" name="NextPageCommand_CanExecute_TogglesByTotalPages" signature="()">
              <lines>
                <line number="63" hits="1" branch="False" />
                <line number="64" hits="1" branch="False" />
                <line number="65" hits="1" branch="False" />
                <line number="67" hits="1" branch="True" condition-coverage="100% (2/2)">
                  <conditions>
                    <condition number="0" type="jump" coverage="100%" />
                  </conditions>
                </line>
                <line number="68" hits="1" branch="False" />
                <line number="69" hits="1" branch="False" />
                <line number="70" hits="1" branch="False" />
                <line number="72" hits="1" branch="False" />
                <line number="73" hits="1" branch="False" />
                <line number="75" hits="1" branch="False" />
                <line number="76" hits="1" branch="False" />
                <line number="77" hits="1" branch="False" />
                <line number="78" hits="1" branch="False" />
                <line number="79" hits="1" branch="False" />
                <line number="80" hits="1" branch="False" />
              </lines>
            </method>
          </methods>
          <lines>
            <line number="18" hits="1" branch="False" />
            <line number="19" hits="1" branch="True" condition-coverage="50% (1/2)">
              <conditions>
                <condition number="0" type="jump" coverage="50%" />
              </conditions>
            </line>
            <line number="20" hits="0" branch="False" />
            <line number="21" hits="0" branch="False" />
            <line number="22" hits="0" branch="False" />
            <line number="23" hits="1" branch="False" />
            <line number="24" hits="1" branch="False" />
            <line number="25" hits="1" branch="False" />
            <line number="29" hits="1" branch="False" />
            <line number="30" hits="1" branch="False" />
            <line number="32" hits="1" branch="False" />
            <line number="33" hits="1" branch="False" />
            <line number="34" hits="1" branch="False" />
            <line number="35" hits="1" branch="False" />
            <line number="36" hits="1" branch="False" />
            <line number="38" hits="1" branch="False" />
            <line number="39" hits="1" branch="False" />
            <line number="40" hits="1" branch="False" />
            <line number="41" hits="1" branch="False" />
            <line number="42" hits="1" branch="False" />
            <line number="44" hits="1" branch="False" />
            <line number="45" hits="1" branch="False" />
            <line number="46" hits="1" branch="False" />
            <line number="47" hits="1" branch="False" />
            <line number="51" hits="1" branch="False" />
            <line number="52" hits="1" branch="False" />
            <line number="54" hits="1" branch="False" />
            <line number="55" hits="1" branch="False" />
            <line number="56" hits="1" branch="False" />
            <line number="58" hits="1" branch="False" />
            <line number="59" hits="1" branch="False" />
            <line number="63" hits="1" branch="False" />
            <line number="64" hits="1" branch="False" />
            <line number="65" hits="1" branch="False" />
            <line number="67" hits="1" branch="True" condition-coverage="100% (2/2)">
              <conditions>
                <condition number="0" type="jump" coverage="100%" />
              </conditions>
            </line>
            <line number="68" hits="1" branch="False" />
            <line number="69" hits="1" branch="False" />
            <line number="70" hits="1" branch="False" />
            <line number="72" hits="1" branch="False" />
            <line number="73" hits="1" branch="False" />
            <line number="75" hits="1" branch="False" />
            <line number="76" hits="1" branch="False" />
            <line number="77" hits="1" branch="False" />
            <line number="78" hits="1" branch="False" />
            <line number="79" hits="1" branch="False" />
            <line number="80" hits="1" branch="False" />
          </lines>
        </class>
        <class line-rate="0.98522167487684731" branch-rate="0.9375" complexity="55" name="DesktopTaskAid.Tests.MainViewModelTests" filename="C:\Users\talha\Downloads\test-app-main\test-app-main\DesktopTaskAid.Tests\MainViewModelTests.cs">
          <methods>
            <method line-rate="0.625" branch-rate="0.5" complexity="2" name="Setup" signature="()">
              <lines>
                <line number="25" hits="1" branch="False" />
                <line number="26" hits="1" branch="True" condition-coverage="50% (1/2)">
                  <conditions>
                    <condition number="0" type="jump" coverage="50%" />
                  </conditions>
                </line>
                <line number="27" hits="0" branch="False" />
                <line number="28" hits="0" branch="False" />
                <line number="29" hits="0" branch="False" />
                <line number="30" hits="1" branch="False" />
                <line number="31" hits="1" branch="False" />
                <line number="32" hits="1" branch="False" />
              </lines>
            </method>
            <method line-rate="1" branch-rate="1" complexity="1" name="TearDown" signature="()">
              <lines>
                <line number="36" hits="1" branch="False" />
                <line number="37" hits="1" branch="False" />
                <line number="38" hits="1" branch="False" />
              </lines>
            </method>
            <method line-rate="1" branch-rate="1" complexity="1" name="Constructor_InitializesCollectionsAndProperties" signature="()">
              <lines>
                <line number="42" hits="1" branch="False" />
                <line number="43" hits="1" branch="False" />
                <line number="44" hits="1" branch="False" />
                <line number="45" hits="1" branch="False" />
                <line number="46" hits="1" branch="False" />
                <line number="47" hits="1" branch="False" />
                <line number="48" hits="1" branch="False" />
                <line number="49" hits="1" branch="False" />
                <line number="50" hits="1" branch="False" />
              </lines>
            </method>
            <method line-rate="0.8125" branch-rate="0.5" complexity="2" name="ToggleTheme_SetsResourceFlagAndTogglesState" signature="()">
              <lines>
                <line number="54" hits="1" branch="False" />
                <line number="56" hits="1" branch="True" condition-coverage="50% (1/2)">
                  <conditions>
                    <condition number="0" type="jump" coverage="50%" />
                  </conditions>
                </line>
                <line number="57" hits="0" branch="False" />
                <line number="58" hits="0" branch="False" />
                <line number="59" hits="0" branch="False" />
                <line number="62" hits="1" branch="False" />
                <line number="65" hits="1" branch="False" />
                <line number="66" hits="1" branch="False" />
                <line number="68" hits="1" branch="False" />
                <line number="69" hits="1" branch="False" />
                <line number="71" hits="1" branch="False" />
                <line number="74" hits="1" branch="False" />
                <line number="75" hits="1" branch="False" />
                <line number="77" hits="1" branch="False" />
                <line number="78" hits="1" branch="False" />
                <line number="79" hits="1" branch="False" />
              </lines>
            </method>
            <method line-rate="1" branch-rate="1" complexity="1" name="ToggleTimer_And_ResetTimer" signature="()">
              <lines>
                <line number="83" hits="1" branch="False" />
                <line number="84" hits="1" branch="False" />
                <line number="85" hits="1" branch="False" />
                <line number="87" hits="1" branch="False" />
                <line number="88" hits="1" branch="False" />
                <line number="89" hits="1" branch="False" />
                <line number="90" hits="1" branch="False" />
                <line number="92" hits="1" branch="False" />
                <line number="93" hits="1" branch="False" />
                <line number="94" hits="1" branch="False" />
                <line number="95" hits="1" branch="False" />
              </lines>
            </method>
            <method line-rate="1" branch-rate="1" complexity="2" name="Pagination_Filtering_And_Text" signature="()">
              <lines>
                <line number="99" hits="1" branch="False" />
                <line number="100" hits="1" branch="False" />
                <line number="103" hits="1" branch="False" />
                <line number="104" hits="1" branch="False" />
                <line number="105" hits="1" branch="True" condition-coverage="100% (2/2)">
                  <conditions>
                    <condition number="0" type="jump" coverage="100%" />
                  </conditions>
                </line>
                <line number="106" hits="1" branch="False" />
                <line number="107" hits="1" branch="False" />
                <line number="108" hits="1" branch="False" />
                <line number="109" hits="1" branch="False" />
                <line number="110" hits="1" branch="False" />
                <line number="111" hits="1" branch="False" />
                <line number="112" hits="1" branch="False" />
                <line number="113" hits="1" branch="False" />
                <line number="114" hits="1" branch="False" />
                <line number="115" hits="1" branch="False" />
                <line number="117" hits="1" branch="False" />
                <line number="118" hits="1" branch="False" />
                <line number="119" hits="1" branch="False" />
                <line number="120" hits="1" branch="False" />
                <line number="122" hits="1" branch="False" />
                <line number="123" hits="1" branch="False" />
                <line number="124" hits="1" branch="False" />
              </lines>
            </method>
            <method line-rate="1" branch-rate="1" complexity="2" name="GenerateCalendarDays_ReflectsSelectedMonthAndToday" signature="()">
              <lines>
                <line number="128" hits="1" branch="False" />
                <line number="129" hits="1" branch="False" />
                <line number="130" hits="1" branch="False" />
                <line number="131" hits="1" branch="False" />
                <line number="133" hits="1" branch="True" condition-coverage="100% (2/2)">
                  <conditions>
                    <condition number="0" type="jump" coverage="100%" />
                  </conditions>
                </line>
                <line number="134" hits="1" branch="False" />
                <line number="135" hits="1" branch="False" />
              </lines>
            </method>
            <method line-rate="1" branch-rate="1" complexity="6" name="SaveAndEditTask_FlowsThroughCollections" signature="()">
              <lines>
                <line number="139" hits="1" branch="False" />
                <line number="140" hits="1" branch="False" />
                <line number="143" hits="1" branch="False" />
                <line number="144" hits="1" branch="False" />
                <line number="145" hits="1" branch="False" />
                <line number="146" hits="1" branch="False" />
                <line number="147" hits="1" branch="False" />
                <line number="148" hits="1" branch="True" condition-coverage="100% (2/2)">
                  <conditions>
                    <condition number="0" type="jump" coverage="100%" />
                  </conditions>
                </line>
                <line number="151" hits="1" branch="True" condition-coverage="100% (2/2)">
                  <conditions>
                    <condition number="0" type="jump" coverage="100%" />
                  </conditions>
                </line>
                <line number="152" hits="1" branch="False" />
                <line number="153" hits="1" branch="False" />
                <line number="154" hits="1" branch="False" />
                <line number="155" hits="1" branch="True" condition-coverage="100% (2/2)">
                  <conditions>
                    <condition number="0" type="jump" coverage="100%" />
                  </conditions>
                </line>
                <line number="156" hits="1" branch="False" />
              </lines>
            </method>
            <method line-rate="1" branch-rate="1" complexity="1" name="BuildImportSummaryMessage_AllBranches" signature="()">
              <lines>
                <line number="242" hits="1" branch="False" />
                <line number="243" hits="1" branch="False" />
                <line number="244" hits="1" branch="False" />
                <line number="245" hits="1" branch="False" />
                <line number="247" hits="1" branch="False" />
                <line number="248" hits="1" branch="False" />
                <line number="249" hits="1" branch="False" />
                <line number="252" hits="1" branch="False" />
                <line number="253" hits="1" branch="False" />
                <line number="254" hits="1" branch="False" />
                <line number="257" hits="1" branch="False" />
                <line number="258" hits="1" branch="False" />
                <line number="259" hits="1" branch="False" />
                <line number="262" hits="1" branch="False" />
                <line number="263" hits="1" branch="False" />
                <line number="264" hits="1" branch="False" />
                <line number="265" hits="1" branch="False" />
                <line number="266" hits="1" branch="False" />
                <line number="267" hits="1" branch="False" />
              </lines>
            </method>
            <method line-rate="1" branch-rate="1" complexity="1" name="ApplyImportedValues_ChangesDetectedAndNotDetected" signature="()">
              <lines>
                <line number="271" hits="1" branch="False" />
                <line number="272" hits="1" branch="False" />
                <line number="274" hits="1" branch="False" />
                <line number="275" hits="1" branch="False" />
                <line number="276" hits="1" branch="False" />
                <line number="277" hits="1" branch="False" />
                <line number="278" hits="1" branch="False" />
                <line number="279" hits="1" branch="False" />
                <line number="280" hits="1" branch="False" />
                <line number="281" hits="1" branch="False" />
                <line number="282" hits="1" branch="False" />
                <line number="284" hits="1" branch="False" />
                <line number="285" hits="1" branch="False" />
                <line number="286" hits="1" branch="False" />
                <line number="287" hits="1" branch="False" />
                <line number="288" hits="1" branch="False" />
                <line number="289" hits="1" branch="False" />
                <line number="290" hits="1" branch="False" />
                <line number="291" hits="1" branch="False" />
                <line number="292" hits="1" branch="False" />
                <line number="294" hits="1" branch="False" />
                <line number="295" hits="1" branch="False" />
                <line number="297" hits="1" branch="False" />
                <line number="298" hits="1" branch="False" />
                <line number="300" hits="1" branch="False" />
                <line number="301" hits="1" branch="False" />
                <line number="302" hits="1" branch="False" />
                <line number="303" hits="1" branch="False" />
                <line number="304" hits="1" branch="False" />
                <line number="305" hits="1" branch="False" />
                <line number="306" hits="1" branch="False" />
                <line number="307" hits="1" branch="False" />
                <line number="308" hits="1" branch="False" />
                <line number="310" hits="1" branch="False" />
                <line number="311" hits="1" branch="False" />
                <line number="312" hits="1" branch="False" />
              </lines>
            </method>
            <method line-rate="1" branch-rate="1" complexity="1" name="IconStrokeConverter_UsesIsDarkThemeResource" signature="()">
              <lines>
                <line number="316" hits="1" branch="False" />
                <line number="317" hits="1" branch="False" />
                <line number="319" hits="1" branch="False" />
                <line number="320" hits="1" branch="False" />
                <line number="321" hits="1" branch="False" />
                <line number="323" hits="1" branch="False" />
                <line number="324" hits="1" branch="False" />
                <line number="325" hits="1" branch="False" />
                <line number="326" hits="1" branch="False" />
              </lines>
            </method>
            <method line-rate="1" branch-rate="1" complexity="1" name="InverseBoolToVisibilityConverter_Basic" signature="()">
              <lines>
                <line number="330" hits="1" branch="False" />
                <line number="331" hits="1" branch="False" />
                <line number="332" hits="1" branch="False" />
                <line number="333" hits="1" branch="False" />
                <line number="334" hits="1" branch="False" />
                <line number="335" hits="1" branch="False" />
                <line number="336" hits="1" branch="False" />
              </lines>
            </method>
            <method line-rate="1" branch-rate="1" complexity="1" name="TimerButtonText_ReflectsRunningState" signature="()">
              <lines>
                <line number="340" hits="1" branch="False" />
                <line number="341" hits="1" branch="False" />
                <line number="343" hits="1" branch="False" />
                <line number="344" hits="1" branch="False" />
                <line number="346" hits="1" branch="False" />
                <line number="347" hits="1" branch="False" />
                <line number="348" hits="1" branch="False" />
              </lines>
            </method>
            <method line-rate="1" branch-rate="1" complexity="1" name="RefreshUpcomingTask_SelectsNextOrFirst" signature="()">
              <lines>
                <line number="352" hits="1" branch="False" />
                <line number="353" hits="1" branch="False" />
                <line number="354" hits="1" branch="False" />
                <line number="356" hits="1" branch="False" />
                <line number="357" hits="1" branch="False" />
                <line number="359" hits="1" branch="False" />
                <line number="360" hits="1" branch="False" />
[...]
                <line number="193" hits="1" branch="False" />
                <line number="194" hits="1" branch="False" />
                <line number="195" hits="1" branch="False" />
                <line number="196" hits="1" branch="False" />
                <line number="199" hits="1" branch="False" />
                <line number="200" hits="1" branch="True" condition-coverage="100% (2/2)">
                  <conditions>
                    <condition number="0" type="jump" coverage="100%" />
                  </conditions>
                </line>
                <line number="201" hits="1" branch="False" />
                <line number="202" hits="1" branch="False" />
                <line number="205" hits="1" branch="True" condition-coverage="100% (2/2)">
                  <conditions>
                    <condition number="0" type="jump" coverage="100%" />
                  </conditions>
                </line>
                <line number="206" hits="1" branch="False" />
                <line number="208" hits="1" branch="False" />
                <line number="210" hits="1" branch="False" />
                <line number="211" hits="1" branch="False" />
                <line number="212" hits="1" branch="False" />
                <line number="213" hits="1" branch="False" />
                <line number="214" hits="1" branch="False" />
                <line number="217" hits="1" branch="False" />
                <line number="218" hits="1" branch="False" />
                <line number="219" hits="1" branch="False" />
                <line number="220" hits="1" branch="False" />
                <line number="221" hits="1" branch="False" />
                <line number="222" hits="1" branch="False" />
                <line number="223" hits="1" branch="False" />
                <line number="225" hits="1" branch="True" condition-coverage="50% (1/2)">
                  <conditions>
                    <condition number="0" type="jump" coverage="50%" />
                  </conditions>
                </line>
                <line number="226" hits="1" branch="False" />
                <line number="227" hits="1" branch="False" />
                <line number="228" hits="1" branch="False" />
                <line number="229" hits="1" branch="False" />
                <line number="230" hits="1" branch="False" />
                <line number="231" hits="1" branch="False" />
                <line number="232" hits="1" branch="False" />
                <line number="234" hits="1" branch="False" />
                <line number="235" hits="1" branch="False" />
                <line number="236" hits="1" branch="False" />
                <line number="237" hits="1" branch="False" />
                <line number="238" hits="1" branch="False" />
                <line number="239" hits="1" branch="False" />
                <line number="240" hits="1" branch="False" />
                <line number="241" hits="1" branch="False" />
                <line number="243" hits="1" branch="False" />
                <line number="244" hits="1" branch="False" />
                <line number="245" hits="1" branch="False" />
                <line number="246" hits="1" branch="False" />
                <line number="247" hits="1" branch="False" />
                <line number="248" hits="1" branch="False" />
                <line number="249" hits="1" branch="False" />
                <line number="250" hits="1" branch="False" />
                <line number="252" hits="1" branch="False" />
              </lines>
            </method>
          </methods>
          <lines>
            <line number="153" hits="1" branch="False" />
            <line number="155" hits="1" branch="False" />
            <line number="156" hits="1" branch="False" />
            <line number="157" hits="1" branch="False" />
            <line number="158" hits="1" branch="False" />
            <line number="160" hits="1" branch="True" condition-coverage="100% (2/2)">
              <conditions>
                <condition number="0" type="jump" coverage="100%" />
              </conditions>
            </line>
            <line number="161" hits="1" branch="False" />
            <line number="162" hits="1" branch="False" />
            <line number="163" hits="1" branch="False" />
            <line number="164" hits="1" branch="False" />
            <line number="165" hits="1" branch="False" />
            <line number="166" hits="1" branch="False" />
            <line number="169" hits="1" branch="True" condition-coverage="100% (2/2)">
              <conditions>
                <condition number="0" type="jump" coverage="100%" />
              </conditions>
            </line>
            <line number="170" hits="1" branch="False" />
            <line number="171" hits="1" branch="False" />
            <line number="172" hits="1" branch="False" />
            <line number="173" hits="1" branch="False" />
            <line number="174" hits="1" branch="False" />
            <line number="175" hits="1" branch="False" />
            <line number="179" hits="1" branch="False" />
            <line number="180" hits="1" branch="False" />
            <line number="181" hits="1" branch="False" />
            <line number="182" hits="1" branch="False" />
            <line number="183" hits="1" branch="False" />
            <line number="184" hits="1" branch="False" />
            <line number="186" hits="1" branch="False" />
            <line number="187" hits="1" branch="False" />
            <line number="188" hits="1" branch="False" />
            <line number="190" hits="1" branch="True" condition-coverage="100% (2/2)">
              <conditions>
                <condition number="0" type="jump" coverage="100%" />
              </conditions>
            </line>
            <line number="191" hits="1" branch="False" />
            <line number="192" hits="1" branch="False" />
            <line number="193" hits="1" branch="False" />
            <line number="194" hits="1" branch="False" />
            <line number="195" hits="1" branch="False" />
            <line number="196" hits="1" branch="False" />
            <line number="199" hits="1" branch="False" />
            <line number="200" hits="1" branch="True" condition-coverage="100% (2/2)">
              <conditions>
                <condition number="0" type="jump" coverage="100%" />
              </conditions>
            </line>
            <line number="201" hits="1" branch="False" />
            <line number="202" hits="1" branch="False" />
            <line number="205" hits="1" branch="True" condition-coverage="100% (2/2)">
              <conditions>
                <condition number="0" type="jump" coverage="100%" />
              </conditions>
            </line>
            <line number="206" hits="1" branch="False" />
            <line number="208" hits="1" branch="False" />
            <line number="210" hits="1" branch="False" />
            <line number="211" hits="1" branch="False" />
            <line number="212" hits="1" branch="False" />
            <line number="213" hits="1" branch="False" />
            <line number="214" hits="1" branch="False" />
            <line number="217" hits="1" branch="False" />
            <line number="218" hits="1" branch="False" />
            <line number="219" hits="1" branch="False" />
            <line number="220" hits="1" branch="False" />
            <line number="221" hits="1" branch="False" />
            <line number="222" hits="1" branch="False" />
            <line number="223" hits="1" branch="False" />
            <line number="225" hits="1" branch="True" condition-coverage="50% (1/2)">
              <conditions>
                <condition number="0" type="jump" coverage="50%" />
              </conditions>
            </line>
            <line number="226" hits="1" branch="False" />
            <line number="227" hits="1" branch="False" />
            <line number="228" hits="1" branch="False" />
            <line number="229" hits="1" branch="False" />
            <line number="230" hits="1" branch="False" />
            <line number="231" hits="1" branch="False" />
            <line number="232" hits="1" branch="False" />
            <line number="234" hits="1" branch="False" />
            <line number="235" hits="1" branch="False" />
            <line number="236" hits="1" branch="False" />
            <line number="237" hits="1" branch="False" />
            <line number="238" hits="1" branch="False" />
            <line number="239" hits="1" branch="False" />
            <line number="240" hits="1" branch="False" />
            <line number="241" hits="1" branch="False" />
            <line number="243" hits="1" branch="False" />
            <line number="244" hits="1" branch="False" />
            <line number="245" hits="1" branch="False" />
            <line number="246" hits="1" branch="False" />
            <line number="247" hits="1" branch="False" />
            <line number="248" hits="1" branch="False" />
            <line number="249" hits="1" branch="False" />
            <line number="250" hits="1" branch="False" />
            <line number="252" hits="1" branch="False" />
          </lines>
        </class>
        <class line-rate="1" branch-rate="0.7" complexity="10" name="DesktopTaskAid.Services.StorageService.&lt;&gt;c" filename="C:\Users\talha\Downloads\test-app-main\test-app-main\Services\StorageService.cs">
          <methods>
            <method line-rate="1" branch-rate="0.7" complexity="10" name="&lt;IsRunningUnderUnitTest&gt;b__9_0" signature="(System.Reflection.Assembly)">
              <lines>
                <line number="201" hits="1" branch="True" condition-coverage="70% (7/10)">
                  <conditions>
                    <condition number="0" type="jump" coverage="50%" />
                    <condition number="1" type="jump" coverage="100%" />
                    <condition number="2" type="jump" coverage="50%" />
                    <condition number="3" type="jump" coverage="100%" />
                    <condition number="4" type="jump" coverage="50%" />
                  </conditions>
                </line>
                <line number="202" hits="1" branch="False" />
                <line number="203" hits="1" branch="False" />
              </lines>
            </method>
          </methods>
          <lines>
            <line number="201" hits="1" branch="True" condition-coverage="70% (7/10)">
              <conditions>
                <condition number="0" type="jump" coverage="50%" />
                <condition number="1" type="jump" coverage="100%" />
                <condition number="2" type="jump" coverage="50%" />
                <condition number="3" type="jump" coverage="100%" />
                <condition number="4" type="jump" coverage="50%" />
              </conditions>
            </line>
            <line number="202" hits="1" branch="False" />
            <line number="203" hits="1" branch="False" />
          </lines>
        </class>
        <class line-rate="0.32142857142857145" branch-rate="0" complexity="6" name="DesktopTaskAid.Services.CalendarImportService.GoogleCalendarClient.&lt;FetchEventsAsync&gt;d__0" filename="C:\Users\talha\Downloads\test-app-main\test-app-main\Services\CalendarImportService.cs">
          <methods>
            <method line-rate="0.32142857142857145" branch-rate="0" complexity="6" name="MoveNext" signature="()">
              <lines>
                <line number="753" hits="1" branch="False" />
                <line number="754" hits="1" branch="False" />
                <line number="756" hits="1" branch="False" />
                <line number="757" hits="1" branch="False" />
                <line number="758" hits="1" branch="False" />
                <line number="759" hits="1" branch="False" />
                <line number="760" hits="1" branch="False" />
                <line number="761" hits="1" branch="False" />
                <line number="762" hits="1" branch="False" />
                <line number="764" hits="0" branch="True" condition-coverage="0% (0/2)">
                  <conditions>
                    <condition number="0" type="jump" coverage="0%" />
                  </conditions>
                </line>
                <line number="765" hits="0" branch="False" />
                <line number="766" hits="0" branch="False" />
                <line number="769" hits="0" branch="False" />
                <line number="770" hits="0" branch="False" />
                <line number="771" hits="0" branch="False" />
                <line number="772" hits="0" branch="False" />
                <line number="773" hits="0" branch="False" />
                <line number="775" hits="0" branch="False" />
                <line number="776" hits="0" branch="False" />
                <line number="777" hits="0" branch="False" />
                <line number="778" hits="0" branch="False" />
                <line number="779" hits="0" branch="False" />
                <line number="780" hits="0" branch="False" />
                <line number="781" hits="0" branch="False" />
                <line number="782" hits="0" branch="False" />
                <line number="784" hits="0" branch="False" />
                <line number="785" hits="0" branch="True" condition-coverage="0% (0/4)">
                  <conditions>
                    <condition number="0" type="jump" coverage="0%" />
                    <condition number="1" type="jump" coverage="0%" />
                  </conditions>
                </line>
                <line number="786" hits="0" branch="False" />
              </lines>
            </method>
          </methods>
          <lines>
            <line number="753" hits="1" branch="False" />
            <line number="754" hits="1" branch="False" />
            <line number="756" hits="1" branch="False" />
            <line number="757" hits="1" branch="False" />
            <line number="758" hits="1" branch="False" />
            <line number="759" hits="1" branch="False" />
            <line number="760" hits="1" branch="False" />
            <line number="761" hits="1" branch="False" />
            <line number="762" hits="1" branch="False" />
            <line number="764" hits="0" branch="True" condition-coverage="0% (0/2)">
              <conditions>
                <condition number="0" type="jump" coverage="0%" />
              </conditions>
            </line>
            <line number="765" hits="0" branch="False" />
            <line number="766" hits="0" branch="False" />
            <line number="769" hits="0" branch="False" />
            <line number="770" hits="0" branch="False" />
            <line number="771" hits="0" branch="False" />
            <line number="772" hits="0" branch="False" />
            <line number="773" hits="0" branch="False" />
            <line number="775" hits="0" branch="False" />
            <line number="776" hits="0" branch="False" />
            <line number="777" hits="0" branch="False" />
            <line number="778" hits="0" branch="False" />
            <line number="779" hits="0" branch="False" />
            <line number="780" hits="0" branch="False" />
            <line number="781" hits="0" branch="False" />
            <line number="782" hits="0" branch="False" />
            <line number="784" hits="0" branch="False" />
            <line number="785" hits="0" branch="True" condition-coverage="0% (0/4)">
              <conditions>
                <condition number="0" type="jump" coverage="0%" />
                <condition number="1" type="jump" coverage="0%" />
              </conditions>
            </line>
            <line number="786" hits="0" branch="False" />
          </lines>
        </class>
        <class line-rate="0.82608695652173914" branch-rate="1" complexity="4" name="DesktopTaskAid.Services.CalendarImportService.&lt;&gt;c__DisplayClass32_0.&lt;&lt;HandleCredentialsFileChanged&gt;b__0&gt;d" filename="C:\Users\talha\Downloads\test-app-main\test-app-main\Services\CalendarImportService.cs">
          <methods>
            <method line-rate="0.82608695652173914" branch-rate="1" complexity="4" name="MoveNext" signature="()">
              <lines>
                <line number="675" hits="1" branch="False" />
                <line number="676" hits="1" branch="False" />
                <line number="679" hits="1" branch="False" />
                <line number="680" hits="1" branch="True" condition-coverage="100% (2/2)">
                  <conditions>
                    <condition number="0" type="jump" coverage="100%" />
                  </conditions>
                </line>
                <line number="681" hits="1" branch="False" />
                <line number="682" hits="1" branch="False" />
                <line number="683" hits="1" branch="False" />
                <line number="684" hits="1" branch="False" />
                <line number="685" hits="1" branch="False" />
                <line number="686" hits="1" branch="False" />
                <line number="687" hits="1" branch="False" />
                <line number="690" hits="1" branch="False" />
                <line number="691" hits="1" branch="True" condition-coverage="100% (2/2)">
                  <conditions>
                    <condition number="0" type="jump" coverage="100%" />
                  </conditions>
                </line>
                <line number="692" hits="1" branch="False" />
                <line number="693" hits="1" branch="False" />
                <line number="694" hits="1" branch="False" />
                <line number="696" hits="1" branch="False" />
                <line number="697" hits="1" branch="False" />
                <line number="698" hits="0" branch="False" />
                <line number="699" hits="0" branch="False" />
                <line number="700" hits="0" branch="False" />
                <line number="701" hits="0" branch="False" />
                <line number="702" hits="1" branch="False" />
              </lines>
            </method>
          </methods>
          <lines>
            <line number="675" hits="1" branch="False" />
            <line number="676" hits="1" branch="False" />
            <line number="679" hits="1" branch="False" />
            <line number="680" hits="1" branch="True" condition-coverage="100% (2/2)">
              <conditions>
                <condition number="0" type="jump" coverage="100%" />
              </conditions>
            </line>
            <line number="681" hits="1" branch="False" />
            <line number="682" hits="1" branch="False" />
            <line number="683" hits="1" branch="False" />
            <line number="684" hits="1" branch="False" />
            <line number="685" hits="1" branch="False" />
            <line number="686" hits="1" branch="False" />
            <line number="687" hits="1" branch="False" />
            <line number="690" hits="1" branch="False" />
            <line number="691" hits="1" branch="True" condition-coverage="100% (2/2)">
              <conditions>
                <condition number="0" type="jump" coverage="100%" />
              </conditions>
            </line>
            <line number="692" hits="1" branch="False" />
            <line number="693" hits="1" branch="False" />
            <line number="694" hits="1" branch="False" />
            <line number="696" hits="1" branch="False" />
            <line number="697" hits="1" branch="False" />
            <line number="698" hits="0" branch="False" />
            <line number="699" hits="0" branch="False" />
            <line number="700" hits="0" branch="False" />
            <line number="701" hits="0" branch="False" />
            <line number="702" hits="1" branch="False" />
          </lines>
        </class>
      </classes>
    </package>
  </packages>
</coverage>